<?xml version="1.0" encoding="UTF-8"?>
<!-- Generated by org.testng.reporters.JUnitReportReporter -->
<testsuite hostname="techcirclesMini" failures="0" tests="3" name="Day12.myAccountLogin" time="23.291" errors="0" timestamp="2022-03-03T19:23:21 EST" skipped="0">
  <testcase classname="Day12.myAccountLogin" name="LoginWithInvalidUsernameInvalidPassword" time="15.768"/>
  <system-out/>
  <testcase classname="Day12.myAccountLogin" name="LoginWithValidUsernamePassword" time="4.560"/>
  <system-out/>
  <testcase classname="Day12.myAccountLogin" name="LoginWithValidUsernameEmptyPassword" time="2.963"/>
  <system-out/>
</testsuite> <!-- Day12.myAccountLogin -->
