<?xml version="1.0" encoding="UTF-8"?>
<!-- Generated by org.testng.reporters.JUnitReportReporter -->
<testsuite hostname="techcirclesMini" failures="0" tests="1" name="Day10.dependsOnTest" time="0.001" errors="0" timestamp="2022-02-24T21:51:18 EST" skipped="0">
  <testcase classname="Day10.dependsOnTest" name="OpenBrowser" time="0.001"/>
  <system-out/>
</testsuite> <!-- Day10.dependsOnTest -->
