<?xml version="1.0" encoding="UTF-8"?>
<!-- Generated by org.testng.reporters.JUnitReportReporter -->
<testsuite hostname="techcirclesMini" failures="0" tests="1" name="Day11.passingParameters" time="0.014" errors="0" timestamp="2022-03-01T21:11:14 EST" skipped="0">
  <testcase classname="Day11.passingParameters" name="SumOf" time="0.014"/>
  <system-out/>
</testsuite> <!-- Day11.passingParameters -->
