<?xml version="1.0" encoding="UTF-8"?>
<!-- Generated by org.testng.reporters.JUnitReportReporter -->
<testsuite hostname="techcirclesMini" failures="0" tests="2" name="Day11.multiBrowser" time="0.014" errors="0" timestamp="2022-03-01T21:29:43 EST" skipped="0">
  <testcase classname="Day11.multiBrowser" name="searchItem" time="0.006"/>
  <system-out/>
  <testcase classname="Day11.multiBrowser" name="searchItem" time="0.008"/>
  <system-out/>
</testsuite> <!-- Day11.multiBrowser -->
