<?xml version="1.0" encoding="UTF-8"?>
<!-- Generated by org.testng.reporters.JUnitReportReporter -->
<testsuite hostname="techcirclesMini" failures="0" tests="5" name="Day11.dataProviderTesting" time="0.016" errors="0" timestamp="2022-03-01T20:27:10 EST" skipped="0">
  <testcase classname="Day11.dataProviderTesting" name="ageTest" time="0.001"/>
  <system-out/>
  <testcase classname="Day11.dataProviderTesting" name="ageTest" time="0.010"/>
  <system-out/>
  <testcase classname="Day11.dataProviderTesting" name="myTest" time="0.001"/>
  <system-out/>
  <testcase classname="Day11.dataProviderTesting" name="myTest" time="0.001"/>
  <system-out/>
  <testcase classname="Day11.dataProviderTesting" name="myTest" time="0.003"/>
  <system-out/>
</testsuite> <!-- Day11.dataProviderTesting -->
