<?xml version="1.0" encoding="UTF-8"?>
<!-- Generated by org.testng.reporters.JUnitReportReporter -->
<testsuite hostname="techcirclesMini" failures="0" tests="3" name="Day10.groupTests" time="0.018" errors="0" timestamp="2022-03-01T19:39:31 EST" skipped="0">
  <testcase classname="Day10.groupTests" name="test2" time="0.001"/>
  <system-out/>
  <testcase classname="Day10.groupTests" name="test3" time="0.002"/>
  <system-out/>
  <testcase classname="Day10.groupTests" name="test" time="0.015"/>
  <system-out/>
</testsuite> <!-- Day10.groupTests -->
