<?xml version="1.0" encoding="UTF-8"?>
<!-- Generated by org.testng.reporters.JUnitReportReporter -->
<testsuite hostname="techcirclesMini" failures="0" tests="3" name="Day13.myAccountLogin" time="18.411" errors="0" timestamp="2022-03-03T20:38:22 EST" skipped="2">
  <testcase classname="Day13.myAccountLogin" name="LoginWithValidUsernamePassword" time="18.411"/>
  <system-out/>
  <testcase classname="Day13.myAccountLogin" name="LoginWithValidUsernameEmptyPassword">
    <skipped/>
  </testcase> <!-- LoginWithValidUsernameEmptyPassword -->
  <system-out/>
  <testcase classname="Day13.myAccountLogin" name="LoginWithInvalidUsernameInvalidPassword">
    <skipped/>
  </testcase> <!-- LoginWithInvalidUsernameInvalidPassword -->
  <system-out/>
</testsuite> <!-- Day13.myAccountLogin -->
