<?xml version="1.0" encoding="UTF-8"?>
<!-- Generated by org.testng.reporters.JUnitReportReporter -->
<testsuite hostname="techcirclesMini" failures="0" tests="2" name="Day11.ParallelTest" time="12.855" errors="0" timestamp="2022-03-01T21:53:31 EST" skipped="0">
  <testcase classname="Day11.ParallelTest" name="SafariTest" time="4.184"/>
  <system-out/>
  <testcase classname="Day11.ParallelTest" name="ChromeTest" time="8.671"/>
  <system-out/>
</testsuite> <!-- Day11.ParallelTest -->
