<?xml version="1.0" encoding="UTF-8"?>
<!-- Generated by org.testng.reporters.JUnitReportReporter -->
<testsuite hostname="techcirclesMini" failures="0" tests="4" name="Day10.orderOfTests" time="0.020" errors="0" timestamp="2022-02-24T21:09:20 EST" skipped="0">
  <testcase classname="Day10.orderOfTests" name="TestSQL" time="0.005"/>
  <system-out/>
  <testcase classname="Day10.orderOfTests" name="TestAPI" time="0.009"/>
  <system-out/>
  <testcase classname="Day10.orderOfTests" name="TestSelenium" time="0.001"/>
  <system-out/>
  <testcase classname="Day10.orderOfTests" name="TestJava" time="0.005"/>
  <system-out/>
</testsuite> <!-- Day10.orderOfTests -->
