<?xml version="1.0" encoding="UTF-8"?>
<!-- Generated by org.testng.reporters.JUnitReportReporter -->
<testsuite hostname="techcirclesMini" failures="0" tests="3" name="Day12.myAccountLogin" time="30.254" errors="0" timestamp="2022-03-02T20:08:25 EST" skipped="0">
  <testcase classname="Day12.myAccountLogin" name="LoginWithValidUsernamePassword" time="18.680"/>
  <system-out/>
  <testcase classname="Day12.myAccountLogin" name="LoginWithInvalidUsernameInvalidPassword" time="8.052"/>
  <system-out/>
  <testcase classname="Day12.myAccountLogin" name="LoginWithValidUsernameEmptyPassword" time="3.522"/>
  <system-out/>
</testsuite> <!-- Day12.myAccountLogin -->
