<?xml version="1.0" encoding="UTF-8"?>
<!-- Generated by org.testng.reporters.JUnitReportReporter -->
<testsuite hostname="techcirclesMini" failures="0" tests="3" name="Day10.groupTests" time="0.011" errors="0" timestamp="2022-02-24T21:56:50 EST" skipped="0">
  <testcase classname="Day10.groupTests" name="test2" time="0.001"/>
  <system-out/>
  <testcase classname="Day10.groupTests" name="test" time="0.009"/>
  <system-out/>
  <testcase classname="Day10.groupTests" name="test3" time="0.001"/>
  <system-out/>
</testsuite> <!-- Day10.groupTests -->
